<?xml version="1.0" encoding="UTF-8"?>
<testsuite xmlns:xsi="http://www.w3.org/2001/XMLSchema-instance" xsi:noNamespaceSchemaLocation="https://maven.apache.org/surefire/maven-surefire-plugin/xsd/surefire-test-report.xsd" name="TestSuite" time="7.145" tests="17" errors="0" skipped="0" failures="0">
  <properties>
[...]
</properties>
  <testcase name="getAlbums" classname="Trainning.RestAsssured.SimpleRestAssured" time="1.479"/>
  <testcase name="getComments" classname="Trainning.RestAsssured.SimpleRestAssured" time="0.223"/>
  <testcase name="getPhotos" classname="Trainning.RestAsssured.SimpleRestAssured" time="0.287"/>
  <testcase name="getPosts" classname="Trainning.RestAsssured.SimpleRestAssured" time="0.216"/>
  <testcase name="getTodos" classname="Trainning.RestAsssured.SimpleRestAssured" time="0.221"/>
  <testcase name="getUsers" classname="Trainning.RestAsssured.SimpleRestAssured" time="0.227"/>
  <testcase name="albumsSchemaValidation" classname="Trainning.RestAsssured.SchemaValidation" time="0.691"/>
  <testcase name="commentsSchemaValidation" classname="Trainning.RestAsssured.SchemaValidation" time="0.291"/>
  <testcase name="getCommentsPostId1" classname="Trainning.RestAsssured.SchemaValidation" time="0.322"/>
  <testcase name="getPostsUserId1" classname="Trainning.RestAsssured.SchemaValidation" time="0.329"/>
  <testcase name="postsId100" classname="Trainning.RestAsssured.SchemaValidation" time="0.348"/>
  <testcase name="postsId20" classname="Trainning.RestAsssured.SchemaValidation" time="0.228"/>
  <testcase name="postsId50" classname="Trainning.RestAsssured.SchemaValidation" time="0.286"/>
  <testcase name="postsSchemaValidation" classname="Trainning.RestAsssured.SchemaValidation" time="0.274"/>
  <testcase name="todosSchemaValidation" classname="Trainning.RestAsssured.SchemaValidation" time="0.239"/>
  <testcase name="usersSchemaValidation" classname="Trainning.RestAsssured.SchemaValidation" time="0.243"/>
  <testcase name="givenUrlBody" classname="Trainning.RestAsssured.HeaderAuthorization" time="0.469"/>
</testsuite>