<?xml version="1.0" encoding="UTF-8"?>
<!-- Generated by org.testng.reporters.JUnitXMLReporter -->
<testsuite hostname="MX-IT01393" ignored="0" name="rest assured trainning" tests="17" failures="0" timestamp="17 oct 2018 22:33:15 GMT" time="6.675" errors="0">
  <testcase name="getAlbums" time="1.479" classname="Trainning.RestAsssured.SimpleRestAssured"/>
  <testcase name="getComments" time="0.225" classname="Trainning.RestAsssured.SimpleRestAssured"/>
  <testcase name="getPhotos" time="0.285" classname="Trainning.RestAsssured.SimpleRestAssured"/>
  <testcase name="getPosts" time="0.215" classname="Trainning.RestAsssured.SimpleRestAssured"/>
  <testcase name="getTodos" time="0.217" classname="Trainning.RestAsssured.SimpleRestAssured"/>
  <testcase name="getUsers" time="0.228" classname="Trainning.RestAsssured.SimpleRestAssured"/>
  <testcase name="albumsSchemaValidation" time="0.692" classname="Trainning.RestAsssured.SchemaValidation"/>
  <testcase name="commentsSchemaValidation" time="0.29" classname="Trainning.RestAsssured.SchemaValidation"/>
  <testcase name="getCommentsPostId1" time="0.208" classname="Trainning.RestAsssured.SchemaValidation"/>
  <testcase name="getPostsUserId1" time="0.213" classname="Trainning.RestAsssured.SchemaValidation"/>
  <testcase name="postsId100" time="0.576" classname="Trainning.RestAsssured.SchemaValidation"/>
  <testcase name="postsId20" time="0.228" classname="Trainning.RestAsssured.SchemaValidation"/>
  <testcase name="postsId50" time="0.286" classname="Trainning.RestAsssured.SchemaValidation"/>
  <testcase name="postsSchemaValidation" time="0.275" classname="Trainning.RestAsssured.SchemaValidation"/>
  <testcase name="todosSchemaValidation" time="0.239" classname="Trainning.RestAsssured.SchemaValidation"/>
  <testcase name="usersSchemaValidation" time="0.242" classname="Trainning.RestAsssured.SchemaValidation"/>
  <testcase name="givenUrlBody" time="0.465" classname="Trainning.RestAsssured.HeaderAuthorization"/>
</testsuite> <!-- rest assured trainning -->
